e:\work\study_code\c++\study1\study1\x64\debug\study1.pch
e:\work\study_code\c++\study1\study1\x64\debug\vc141.pdb
e:\work\study_code\c++\study1\study1\x64\debug\vc141.idb
e:\work\study_code\c++\study1\study1\x64\debug\pch.obj
e:\work\study_code\c++\study1\study1\x64\debug\cobject.obj
e:\work\study_code\c++\study1\study1\x64\debug\study1.obj
e:\work\study_code\c++\study1\x64\debug\study1.exe
e:\work\study_code\c++\study1\x64\debug\study1.ilk
e:\work\study_code\c++\study1\x64\debug\study1.pdb
d:\study\work\c++\study1\study1\x64\debug\cobject.obj
d:\study\work\c++\study1\study1\x64\debug\pch.obj
d:\study\work\c++\study1\study1\x64\debug\study1.obj
d:\study\work\c++\study1\study1\x64\debug\study1.pch
d:\study\work\c++\study1\study1\x64\debug\vc141.idb
d:\study\work\c++\study1\study1\x64\debug\vc141.pdb
d:\study\work\c++\study1\x64\debug\study1.pdb
d:\study\work\c++\study1\x64\debug\study1.exe
d:\study\work\c++\study1\x64\debug\study1.ilk
d:\study\work\c++\study1\study1\x64\debug\study1.tlog\cl.command.1.tlog
d:\study\work\c++\study1\study1\x64\debug\study1.tlog\cl.read.1.tlog
d:\study\work\c++\study1\study1\x64\debug\study1.tlog\cl.write.1.tlog
d:\study\work\c++\study1\study1\x64\debug\study1.tlog\link.command.1.tlog
d:\study\work\c++\study1\study1\x64\debug\study1.tlog\link.read.1.tlog
d:\study\work\c++\study1\study1\x64\debug\study1.tlog\link.write.1.tlog
